[debug] [2021-12-25T19:07:17.088Z] ----------------------------------------------------------------------
[debug] [2021-12-25T19:07:17.090Z] Command:       C:\Program Files\nodejs\node.exe C:\Users\isaks\AppData\Roaming\npm\node_modules\firebase-tools\lib\bin\firebase.js init
[debug] [2021-12-25T19:07:17.090Z] CLI Version:   10.0.1
[debug] [2021-12-25T19:07:17.090Z] Platform:      win32
[debug] [2021-12-25T19:07:17.091Z] Node Version:  v16.13.1
[debug] [2021-12-25T19:07:17.091Z] Time:          Sat Dec 25 2021 20:07:17 GMT+0100 (centraleuropeisk normaltid)
[debug] [2021-12-25T19:07:17.091Z] ----------------------------------------------------------------------
[debug] 
[debug] [2021-12-25T19:07:17.096Z] > command requires scopes: ["email","openid","https://www.googleapis.com/auth/cloudplatformprojects.readonly","https://www.googleapis.com/auth/firebase","https://www.googleapis.com/auth/cloud-platform"]
[debug] [2021-12-25T19:07:17.097Z] > authorizing via signed-in user (isak.dev.2@gmail.com)
[info] 
     ######## #### ########  ######## ########     ###     ######  ########
     ##        ##  ##     ## ##       ##     ##  ##   ##  ##       ##
     ######    ##  ########  ######   ########  #########  ######  ######
     ##        ##  ##    ##  ##       ##     ## ##     ##       ## ##
     ##       #### ##     ## ######## ########  ##     ##  ######  ########

You're about to initialize a Firebase project in this directory:

  C:\_\git\Before-Effects

Before we get started, keep in mind:

  * You are currently outside your home directory

